#
# A fatal error has been detected by the Java Runtime Environment:
#
#  SIGSEGV (0xb) at pc=0x0000000112e942ce, pid=72212, tid=39683
#
# JRE version: OpenJDK Runtime Environment (15.0.2+7) (build 15.0.2+7-27)
# Java VM: OpenJDK 64-Bit Server VM (15.0.2+7-27, mixed mode, tiered, compressed oops, g1 gc, bsd-amd64)
# Problematic frame:
# C  [libjimage.dylib+0x32ce]  ImageFileReader::find_location_index(char const*, unsigned long long*) const+0x2e
#
# No core dump will be written. Core dumps have been disabled. To enable core dumping, try "ulimit -c unlimited" before starting Java again
#
# If you would like to submit a bug report, please visit:
#   https://bugreport.java.com/bugreport/crash.jsp
#

---------------  S U M M A R Y ------------

Command Line: -XX:+ShowCodeDetailsInExceptionMessages -agentlib:jdwp=transport=dt_socket,suspend=y,address=localhost:65323 -javaagent:/Users/lemes/eclipse/java-2021-03/Eclipse.app/Contents/Eclipse/configuration/org.eclipse.osgi/773/0/.cp/lib/javaagent-shaded.jar -Dfile.encoding=UTF-8 main.Run

Host: MacBookAir10,1 x86_64 2400 MHz, 8 cores, 8G, Darwin 20.6.0
Time: Sat May 21 22:18:28 2022 -03 elapsed time: 95.790799 seconds (0d 0h 1m 35s)

---------------  T H R E A D  ---------------

Current thread (0x00007fba12054800):  JavaThread "Signal Dispatcher" daemon [_thread_in_vm, id=39683, stack(0x000000030d3a3000,0x000000030d4a3000)]

Stack: [0x000000030d3a3000,0x000000030d4a3000],  sp=0x000000030d4a1350,  free space=1016k
Native frames: (J=compiled Java code, A=aot compiled Java code, j=interpreted, Vv=VM code, C=native code)
